<?xml version="1.0" encoding="UTF-8" ?>
<testsuite tests="6" failures="0" name="UserServiceTest" time="1.775" errors="0" skipped="0">
  <properties>
    <property name="idea.version" value="2020.2.3"/>
    <property name="java.runtime.name" value="OpenJDK Runtime Environment"/>
    <property name="java.vm.version" value="15+36-1562"/>
    <property name="sun.boot.library.path" value="/Users/disant/Library/Java/JavaVirtualMachines/openjdk-15/Contents/Home/lib"/>
    <property name="maven.multiModuleProjectDirectory" value="/Users/disant/IdeaProjects/CoreTaskTemplate"/>
    <property name="java.vm.vendor" value="Oracle Corporation"/>
    <property name="java.vendor.url" value="https://java.oracle.com/"/>
    <property name="guice.disable.misplaced.annotation.check" value="true"/>
    <property name="path.separator" value=":"/>
    <property name="java.vm.name" value="OpenJDK 64-Bit Server VM"/>
    <property name="user.country" value="RU"/>
    <property name="sun.java.launcher" value="SUN_STANDARD"/>
    <property name="java.vm.specification.name" value="Java Virtual Machine Specification"/>
    <property name="user.dir" value="/Users/disant/IdeaProjects/CoreTaskTemplate"/>
    <property name="java.vm.compressedOopsMode" value="Zero based"/>
    <property name="java.runtime.version" value="15+36-1562"/>
    <property name="os.arch" value="x86_64"/>
    <property name="java.io.tmpdir" value="/var/folders/jr/wgcntjy55jzcl_j3dd62yk8w0000gn/T/"/>
    <property name="line.separator" value="
"/>
    <property name="java.vm.specification.vendor" value="Oracle Corporation"/>
    <property name="os.name" value="Mac OS X"/>
    <property name="maven.ext.class.path" value="/private/var/folders/jr/wgcntjy55jzcl_j3dd62yk8w0000gn/T/AppTranslocation/C6892FA1-1C0D-4BA3-BA38-D54539B4CB87/d/IntelliJ IDEA.app/Contents/plugins/maven/lib/maven-event-listener.jar"/>
    <property name="classworlds.conf" value="/private/var/folders/jr/wgcntjy55jzcl_j3dd62yk8w0000gn/T/AppTranslocation/C6892FA1-1C0D-4BA3-BA38-D54539B4CB87/d/IntelliJ IDEA.app/Contents/plugins/maven/lib/maven3/bin/m2.conf"/>
    <property name="sun.jnu.encoding" value="UTF-8"/>
    <property name="java.library.path" value="/Users/disant/Library/Java/Extensions:/Library/Java/Extensions:/Network/Library/Java/Extensions:/System/Library/Java/Extensions:/usr/lib/java:."/>
    <property name="maven.conf" value="/private/var/folders/jr/wgcntjy55jzcl_j3dd62yk8w0000gn/T/AppTranslocation/C6892FA1-1C0D-4BA3-BA38-D54539B4CB87/d/IntelliJ IDEA.app/Contents/plugins/maven/lib/maven3/conf"/>
    <property name="jdk.debug" value="release"/>
    <property name="java.class.version" value="59.0"/>
    <property name="java.specification.name" value="Java Platform API Specification"/>
    <property name="sun.management.compiler" value="HotSpot 64-Bit Tiered Compilers"/>
    <property name="os.version" value="10.15.7"/>
    <property name="http.nonProxyHosts" value="local|*.local|169.254/16|*.169.254/16"/>
    <property name="user.home" value="/Users/disant"/>
    <property name="user.timezone" value="Europe/Moscow"/>
    <property name="file.encoding" value="UTF-8"/>
    <property name="java.specification.version" value="15"/>
    <property name="user.name" value="disant"/>
    <property name="java.class.path" value="/private/var/folders/jr/wgcntjy55jzcl_j3dd62yk8w0000gn/T/AppTranslocation/C6892FA1-1C0D-4BA3-BA38-D54539B4CB87/d/IntelliJ IDEA.app/Contents/plugins/maven/lib/maven3/boot/plexus-classworlds-2.6.0.jar:/private/var/folders/jr/wgcntjy55jzcl_j3dd62yk8w0000gn/T/AppTranslocation/C6892FA1-1C0D-4BA3-BA38-D54539B4CB87/d/IntelliJ IDEA.app/Contents/plugins/maven/lib/maven3/boot/plexus-classworlds.license"/>
    <property name="java.vm.specification.version" value="15"/>
    <property name="sun.arch.data.model" value="64"/>
    <property name="sun.java.command" value="org.codehaus.classworlds.Launcher -Didea.version=2020.2.3 deploy"/>
    <property name="java.home" value="/Users/disant/Library/Java/JavaVirtualMachines/openjdk-15/Contents/Home"/>
    <property name="user.language" value="en"/>
    <property name="java.specification.vendor" value="Oracle Corporation"/>
    <property name="java.vm.info" value="mixed mode, sharing"/>
    <property name="java.version" value="15"/>
    <property name="java.vendor" value="Oracle Corporation"/>
    <property name="maven.home" value="/private/var/folders/jr/wgcntjy55jzcl_j3dd62yk8w0000gn/T/AppTranslocation/C6892FA1-1C0D-4BA3-BA38-D54539B4CB87/d/IntelliJ IDEA.app/Contents/plugins/maven/lib/maven3"/>
    <property name="file.separator" value="/"/>
    <property name="java.version.date" value="2020-09-15"/>
    <property name="java.vendor.url.bug" value="https://bugreport.java.com/bugreport/"/>
    <property name="sun.io.unicode.encoding" value="UnicodeBig"/>
    <property name="sun.cpu.endian" value="little"/>
    <property name="socksNonProxyHosts" value="local|*.local|169.254/16|*.169.254/16"/>
    <property name="ftp.nonProxyHosts" value="local|*.local|169.254/16|*.169.254/16"/>
  </properties>
  <testcase classname="UserServiceTest" name="saveUser" time="0.921"/>
  <testcase classname="UserServiceTest" name="removeUserById" time="0.185"/>
  <testcase classname="UserServiceTest" name="getAllUsers" time="0.22"/>
  <testcase classname="UserServiceTest" name="dropUsersTable" time="0.118"/>
  <testcase classname="UserServiceTest" name="createUsersTable" time="0.086"/>
  <testcase classname="UserServiceTest" name="cleanUsersTable" time="0.245"/>
</testsuite>